# JRE version: Java(TM) SE Runtime Environment (7.0_79-b15) (build 1.7.0_79-b15)
# Java VM: Java HotSpot(TM) 64-Bit Server VM (24.79-b02 mixed mode windows-amd64 compressed oops)
Heap
 PSYoungGen      total 468480K, used 278901K [0x00000000e0000000, 0x0000000100000000, 0x0000000100000000)
  eden space 434176K, 56% used [0x00000000e0000000,0x00000000eef22a28,0x00000000fa800000)
  from space 34304K, 99% used [0x00000000fa800000,0x00000000fc93aa00,0x00000000fc980000)
  to   space 48128K, 0% used [0x00000000fd100000,0x00000000fd100000,0x0000000100000000)
 ParOldGen       total 1048576K, used 132863K [0x00000000a0000000, 0x00000000e0000000, 0x00000000e0000000)
  object space 1048576K, 12% used [0x00000000a0000000,0x00000000a81bfc08,0x00000000e0000000)
 PSPermGen       total 31232K, used 30911K [0x000000009ae00000, 0x000000009cc80000, 0x00000000a0000000)
  object space 31232K, 98% used [0x000000009ae00000,0x000000009cc2fc58,0x000000009cc80000)
GC Heap History (10 events):
Event: 15.876 GC heap before
{Heap before GC invocations=21 (full 0):
 PSYoungGen      total 484352K, used 484348K [0x00000000e0000000, 0x0000000100000000, 0x0000000100000000)
  eden space 456704K, 100% used [0x00000000e0000000,0x00000000fbe00000,0x00000000fbe00000)
  from space 27648K, 99% used [0x00000000fe500000,0x00000000fffff3d0,0x0000000100000000)
  to   space 33792K, 0% used [0x00000000fbe00000,0x00000000fbe00000,0x00000000fdf00000)
 ParOldGen       total 1048576K, used 71928K [0x00000000a0000000, 0x00000000e0000000, 0x00000000e0000000)
  object space 1048576K, 6% used [0x00000000a0000000,0x00000000a463e3a0,0x00000000e0000000)
 PSPermGen       total 31232K, used 30833K [0x000000009ae00000, 0x000000009cc80000, 0x00000000a0000000)
  object space 31232K, 98% used [0x000000009ae00000,0x000000009cc1c428,0x000000009cc80000)
Event: 15.890 GC heap after
Heap after GC invocations=21 (full 0):
 PSYoungGen      total 490496K, used 33786K [0x00000000e0000000, 0x0000000100000000, 0x0000000100000000)
  eden space 456704K, 0% used [0x00000000e0000000,0x00000000e0000000,0x00000000fbe00000)
  from space 33792K, 99% used [0x00000000fbe00000,0x00000000fdefe858,0x00000000fdf00000)
  to   space 33792K, 0% used [0x00000000fdf00000,0x00000000fdf00000,0x0000000100000000)
 ParOldGen       total 1048576K, used 94752K [0x00000000a0000000, 0x00000000e0000000, 0x00000000e0000000)
  object space 1048576K, 9% used [0x00000000a0000000,0x00000000a5c881f0,0x00000000e0000000)
 PSPermGen       total 31232K, used 30833K [0x000000009ae00000, 0x000000009cc80000, 0x00000000a0000000)
  object space 31232K, 98% used [0x000000009ae00000,0x000000009cc1c428,0x000000009cc80000)
}
Event: 16.837 GC heap before
{Heap before GC invocations=22 (full 0):
 PSYoungGen      total 490496K, used 490490K [0x00000000e0000000, 0x0000000100000000, 0x0000000100000000)
  eden space 456704K, 100% used [0x00000000e0000000,0x00000000fbe00000,0x00000000fbe00000)
  from space 33792K, 99% used [0x00000000fbe00000,0x00000000fdefe858,0x00000000fdf00000)
  to   space 33792K, 0% used [0x00000000fdf00000,0x00000000fdf00000,0x0000000100000000)
 ParOldGen       total 1048576K, used 95688K [0x00000000a0000000, 0x00000000e0000000, 0x00000000e0000000)
  object space 1048576K, 9% used [0x00000000a0000000,0x00000000a5d72380,0x00000000e0000000)
 PSPermGen       total 31232K, used 30846K [0x000000009ae00000, 0x000000009cc80000, 0x00000000a0000000)
  object space 31232K, 98% used [0x000000009ae00000,0x000000009cc1f878,0x000000009cc80000)
Event: 16.845 GC heap after
Heap after GC invocations=22 (full 0):
 PSYoungGen      total 463872K, used 6621K [0x00000000e0000000, 0x0000000100000000, 0x0000000100000000)
  eden space 430080K, 0% used [0x00000000e0000000,0x00000000e0000000,0x00000000fa400000)
  from space 33792K, 19% used [0x00000000fdf00000,0x00000000fe577640,0x0000000100000000)
  to   space 47104K, 0% used [0x00000000fa400000,0x00000000fa400000,0x00000000fd200000)
 ParOldGen       total 1048576K, used 127279K [0x00000000a0000000, 0x00000000e0000000, 0x00000000e0000000)
  object space 1048576K, 12% used [0x00000000a0000000,0x00000000a7c4bdc0,0x00000000e0000000)
 PSPermGen       total 31232K, used 30846K [0x000000009ae00000, 0x000000009cc80000, 0x00000000a0000000)
  object space 31232K, 98% used [0x000000009ae00000,0x000000009cc1f878,0x000000009cc80000)
}
Event: 17.708 GC heap before
{Heap before GC invocations=23 (full 0):
 PSYoungGen      total 463872K, used 436701K [0x00000000e0000000, 0x0000000100000000, 0x0000000100000000)
  eden space 430080K, 100% used [0x00000000e0000000,0x00000000fa400000,0x00000000fa400000)
  from space 33792K, 19% used [0x00000000fdf00000,0x00000000fe577640,0x0000000100000000)
  to   space 47104K, 0% used [0x00000000fa400000,0x00000000fa400000,0x00000000fd200000)
 ParOldGen       total 1048576K, used 127280K [0x00000000a0000000, 0x00000000e0000000, 0x00000000e0000000)
  object space 1048576K, 12% used [0x00000000a0000000,0x00000000a7c4c1d0,0x00000000e0000000)
 PSPermGen       total 31232K, used 30847K [0x000000009ae00000, 0x000000009cc80000, 0x00000000a0000000)
  object space 31232K, 98% used [0x000000009ae00000,0x000000009cc1fd20,0x000000009cc80000)
Event: 17.710 GC heap after
Heap after GC invocations=23 (full 0):
 PSYoungGen      total 477184K, used 5059K [0x00000000e0000000, 0x0000000100000000, 0x0000000100000000)
  eden space 430080K, 0% used [0x00000000e0000000,0x00000000e0000000,0x00000000fa400000)
  from space 47104K, 10% used [0x00000000fa400000,0x00000000fa8f0ee0,0x00000000fd200000)
  to   space 46080K, 0% used [0x00000000fd300000,0x00000000fd300000,0x0000000100000000)
 ParOldGen       total 1048576K, used 127418K [0x00000000a0000000, 0x00000000e0000000, 0x00000000e0000000)
  object space 1048576K, 12% used [0x00000000a0000000,0x00000000a7c6e9b0,0x00000000e0000000)
 PSPermGen       total 31232K, used 30847K [0x000000009ae00000, 0x000000009cc80000, 0x00000000a0000000)
  object space 31232K, 98% used [0x000000009ae00000,0x000000009cc1fd20,0x000000009cc80000)
}
Event: 18.443 GC heap before
{Heap before GC invocations=24 (full 0):
 PSYoungGen      total 477184K, used 435139K [0x00000000e0000000, 0x0000000100000000, 0x0000000100000000)
  eden space 430080K, 100% used [0x00000000e0000000,0x00000000fa400000,0x00000000fa400000)
  from space 47104K, 10% used [0x00000000fa400000,0x00000000fa8f0ee0,0x00000000fd200000)
  to   space 46080K, 0% used [0x00000000fd300000,0x00000000fd300000,0x0000000100000000)
 ParOldGen       total 1048576K, used 127508K [0x00000000a0000000, 0x00000000e0000000, 0x00000000e0000000)
  object space 1048576K, 12% used [0x00000000a0000000,0x00000000a7c85098,0x00000000e0000000)
 PSPermGen       total 31232K, used 30851K [0x000000009ae00000, 0x000000009cc80000, 0x00000000a0000000)
  object space 31232K, 98% used [0x000000009ae00000,0x000000009cc20e80,0x000000009cc80000)
Event: 18.445 GC heap after
Heap after GC invocations=24 (full 0):
 PSYoungGen      total 480256K, used 9473K [0x00000000e0000000, 0x0000000100000000, 0x0000000100000000)
  eden space 434176K, 0% used [0x00000000e0000000,0x00000000e0000000,0x00000000fa800000)
  from space 46080K, 20% used [0x00000000fd300000,0x00000000fdc40568,0x0000000100000000)
  to   space 44032K, 0% used [0x00000000fa800000,0x00000000fa800000,0x00000000fd300000)
 ParOldGen       total 1048576K, used 127584K [0x00000000a0000000, 0x00000000e0000000, 0x00000000e0000000)
  object space 1048576K, 12% used [0x00000000a0000000,0x00000000a7c980a8,0x00000000e0000000)
 PSPermGen       total 31232K, used 30851K [0x000000009ae00000, 0x000000009cc80000, 0x00000000a0000000)
  object space 31232K, 98% used [0x000000009ae00000,0x000000009cc20e80,0x000000009cc80000)
}
Event: 19.205 GC heap before
{Heap before GC invocations=25 (full 0):
 PSYoungGen      total 480256K, used 443649K [0x00000000e0000000, 0x0000000100000000, 0x0000000100000000)
  eden space 434176K, 100% used [0x00000000e0000000,0x00000000fa800000,0x00000000fa800000)
  from space 46080K, 20% used [0x00000000fd300000,0x00000000fdc40568,0x0000000100000000)
  to   space 44032K, 0% used [0x00000000fa800000,0x00000000fa800000,0x00000000fd300000)
 ParOldGen       total 1048576K, used 132663K [0x00000000a0000000, 0x00000000e0000000, 0x00000000e0000000)
  object space 1048576K, 12% used [0x00000000a0000000,0x00000000a818df30,0x00000000e0000000)
 PSPermGen       total 31232K, used 30897K [0x000000009ae00000, 0x000000009cc80000, 0x00000000a0000000)
  object space 31232K, 98% used [0x000000009ae00000,0x000000009cc2c5d0,0x000000009cc80000)
Event: 19.210 GC heap after
Heap after GC invocations=25 (full 0):
 PSYoungGen      total 468480K, used 34026K [0x00000000e0000000, 0x0000000100000000, 0x0000000100000000)
  eden space 434176K, 0% used [0x00000000e0000000,0x00000000e0000000,0x00000000fa800000)
  from space 34304K, 99% used [0x00000000fa800000,0x00000000fc93aa00,0x00000000fc980000)
  to   space 48128K, 0% used [0x00000000fd100000,0x00000000fd100000,0x0000000100000000)
 ParOldGen       total 1048576K, used 132863K [0x00000000a0000000, 0x00000000e0000000, 0x00000000e0000000)
  object space 1048576K, 12% used [0x00000000a0000000,0x00000000a81bfc08,0x00000000e0000000)
 PSPermGen       total 31232K, used 30897K [0x000000009ae00000, 0x000000009cc80000, 0x00000000a0000000)
  object space 31232K, 98% used [0x000000009ae00000,0x000000009cc2c5d0,0x000000009cc80000)
}

