# JRE version: Java(TM) SE Runtime Environment (7.0_79-b15) (build 1.7.0_79-b15)
# Java VM: Java HotSpot(TM) 64-Bit Server VM (24.79-b02 mixed mode windows-amd64 compressed oops)
Heap
 PSYoungGen      total 509952K, used 95353K [0x00000000e0000000, 0x0000000100000000, 0x0000000100000000)
  eden space 494592K, 18% used [0x00000000e0000000,0x00000000e57346d8,0x00000000fe300000)
  from space 15360K, 39% used [0x00000000ff100000,0x00000000ff6ea0b0,0x0000000100000000)
  to   space 14336K, 0% used [0x00000000fe300000,0x00000000fe300000,0x00000000ff100000)
 ParOldGen       total 1048576K, used 515853K [0x00000000a0000000, 0x00000000e0000000, 0x00000000e0000000)
  object space 1048576K, 49% used [0x00000000a0000000,0x00000000bf7c36a0,0x00000000e0000000)
 PSPermGen       total 81920K, used 64247K [0x000000009ae00000, 0x000000009fe00000, 0x00000000a0000000)
  object space 81920K, 78% used [0x000000009ae00000,0x000000009ecbdca8,0x000000009fe00000)
GC Heap History (10 events):
Event: 948.360 GC heap before
{Heap before GC invocations=152 (full 12):
 PSYoungGen      total 509440K, used 509440K [0x00000000e0000000, 0x0000000100000000, 0x0000000100000000)
  eden space 502784K, 100% used [0x00000000e0000000,0x00000000feb00000,0x00000000feb00000)
  from space 6656K, 100% used [0x00000000feb00000,0x00000000ff180000,0x00000000ff180000)
  to   space 11264K, 0% used [0x00000000ff500000,0x00000000ff500000,0x0000000100000000)
 ParOldGen       total 1048576K, used 487165K [0x00000000a0000000, 0x00000000e0000000, 0x00000000e0000000)
  object space 1048576K, 46% used [0x00000000a0000000,0x00000000bdbbf438,0x00000000e0000000)
 PSPermGen       total 81920K, used 62478K [0x000000009ae00000, 0x000000009fe00000, 0x00000000a0000000)
  object space 81920K, 76% used [0x000000009ae00000,0x000000009eb038b8,0x000000009fe00000)
Event: 948.375 GC heap after
Heap after GC invocations=152 (full 12):
 PSYoungGen      total 510976K, used 9568K [0x00000000e0000000, 0x0000000100000000, 0x0000000100000000)
  eden space 499712K, 0% used [0x00000000e0000000,0x00000000e0000000,0x00000000fe800000)
  from space 11264K, 84% used [0x00000000ff500000,0x00000000ffe58010,0x0000000100000000)
  to   space 12288K, 0% used [0x00000000fe800000,0x00000000fe800000,0x00000000ff400000)
 ParOldGen       total 1048576K, used 491757K [0x00000000a0000000, 0x00000000e0000000, 0x00000000e0000000)
  object space 1048576K, 46% used [0x00000000a0000000,0x00000000be03b438,0x00000000e0000000)
 PSPermGen       total 81920K, used 62478K [0x000000009ae00000, 0x000000009fe00000, 0x00000000a0000000)
  object space 81920K, 76% used [0x000000009ae00000,0x000000009eb038b8,0x000000009fe00000)
}
Event: 963.083 GC heap before
{Heap before GC invocations=153 (full 12):
 PSYoungGen      total 510976K, used 509280K [0x00000000e0000000, 0x0000000100000000, 0x0000000100000000)
  eden space 499712K, 100% used [0x00000000e0000000,0x00000000fe800000,0x00000000fe800000)
  from space 11264K, 84% used [0x00000000ff500000,0x00000000ffe58010,0x0000000100000000)
  to   space 12288K, 0% used [0x00000000fe800000,0x00000000fe800000,0x00000000ff400000)
 ParOldGen       total 1048576K, used 491757K [0x00000000a0000000, 0x00000000e0000000, 0x00000000e0000000)
  object space 1048576K, 46% used [0x00000000a0000000,0x00000000be03b438,0x00000000e0000000)
 PSPermGen       total 81920K, used 62887K [0x000000009ae00000, 0x000000009fe00000, 0x00000000a0000000)
  object space 81920K, 76% used [0x000000009ae00000,0x000000009eb69ed8,0x000000009fe00000)
Event: 963.102 GC heap after
Heap after GC invocations=153 (full 12):
 PSYoungGen      total 508928K, used 9036K [0x00000000e0000000, 0x0000000100000000, 0x0000000100000000)
  eden space 499712K, 0% used [0x00000000e0000000,0x00000000e0000000,0x00000000fe800000)
  from space 9216K, 98% used [0x00000000fe800000,0x00000000ff0d30c8,0x00000000ff100000)
  to   space 13312K, 0% used [0x00000000ff300000,0x00000000ff300000,0x0000000100000000)
 ParOldGen       total 1048576K, used 498509K [0x00000000a0000000, 0x00000000e0000000, 0x00000000e0000000)
  object space 1048576K, 47% used [0x00000000a0000000,0x00000000be6d3448,0x00000000e0000000)
 PSPermGen       total 81920K, used 62887K [0x000000009ae00000, 0x000000009fe00000, 0x00000000a0000000)
  object space 81920K, 76% used [0x000000009ae00000,0x000000009eb69ed8,0x000000009fe00000)
}
Event: 989.420 GC heap before
{Heap before GC invocations=154 (full 12):
 PSYoungGen      total 508928K, used 508748K [0x00000000e0000000, 0x0000000100000000, 0x0000000100000000)
  eden space 499712K, 100% used [0x00000000e0000000,0x00000000fe800000,0x00000000fe800000)
  from space 9216K, 98% used [0x00000000fe800000,0x00000000ff0d30c8,0x00000000ff100000)
  to   space 13312K, 0% used [0x00000000ff300000,0x00000000ff300000,0x0000000100000000)
 ParOldGen       total 1048576K, used 498509K [0x00000000a0000000, 0x00000000e0000000, 0x00000000e0000000)
  object space 1048576K, 47% used [0x00000000a0000000,0x00000000be6d3448,0x00000000e0000000)
 PSPermGen       total 81920K, used 63041K [0x000000009ae00000, 0x000000009fe00000, 0x00000000a0000000)
  object space 81920K, 76% used [0x000000009ae00000,0x000000009eb90480,0x000000009fe00000)
Event: 989.433 GC heap after
Heap after GC invocations=154 (full 12):
 PSYoungGen      total 509952K, used 8064K [0x00000000e0000000, 0x0000000100000000, 0x0000000100000000)
  eden space 496640K, 0% used [0x00000000e0000000,0x00000000e0000000,0x00000000fe500000)
  from space 13312K, 60% used [0x00000000ff300000,0x00000000ffae0010,0x0000000100000000)
  to   space 13824K, 0% used [0x00000000fe500000,0x00000000fe500000,0x00000000ff280000)
 ParOldGen       total 1048576K, used 503123K [0x00000000a0000000, 0x00000000e0000000, 0x00000000e0000000)
  object space 1048576K, 47% used [0x00000000a0000000,0x00000000beb54db0,0x00000000e0000000)
 PSPermGen       total 81920K, used 63041K [0x000000009ae00000, 0x000000009fe00000, 0x00000000a0000000)
  object space 81920K, 76% used [0x000000009ae00000,0x000000009eb90480,0x000000009fe00000)
}
Event: 1022.991 GC heap before
{Heap before GC invocations=155 (full 12):
 PSYoungGen      total 509952K, used 504704K [0x00000000e0000000, 0x0000000100000000, 0x0000000100000000)
  eden space 496640K, 100% used [0x00000000e0000000,0x00000000fe500000,0x00000000fe500000)
  from space 13312K, 60% used [0x00000000ff300000,0x00000000ffae0010,0x0000000100000000)
  to   space 13824K, 0% used [0x00000000fe500000,0x00000000fe500000,0x00000000ff280000)
 ParOldGen       total 1048576K, used 503123K [0x00000000a0000000, 0x00000000e0000000, 0x00000000e0000000)
  object space 1048576K, 47% used [0x00000000a0000000,0x00000000beb54db0,0x00000000e0000000)
 PSPermGen       total 81920K, used 64209K [0x000000009ae00000, 0x000000009fe00000, 0x00000000a0000000)
  object space 81920K, 78% used [0x000000009ae00000,0x000000009ecb45e0,0x000000009fe00000)
Event: 1023.005 GC heap after
Heap after GC invocations=155 (full 12):
 PSYoungGen      total 508928K, used 12138K [0x00000000e0000000, 0x0000000100000000, 0x0000000100000000)
  eden space 496640K, 0% used [0x00000000e0000000,0x00000000e0000000,0x00000000fe500000)
  from space 12288K, 98% used [0x00000000fe500000,0x00000000ff0da858,0x00000000ff100000)
  to   space 15360K, 0% used [0x00000000ff100000,0x00000000ff100000,0x0000000100000000)
 ParOldGen       total 1048576K, used 507723K [0x00000000a0000000, 0x00000000e0000000, 0x00000000e0000000)
  object space 1048576K, 48% used [0x00000000a0000000,0x00000000befd2db0,0x00000000e0000000)
 PSPermGen       total 81920K, used 64209K [0x000000009ae00000, 0x000000009fe00000, 0x00000000a0000000)
  object space 81920K, 78% used [0x000000009ae00000,0x000000009ecb45e0,0x000000009fe00000)
}
Event: 1043.386 GC heap before
{Heap before GC invocations=156 (full 12):
 PSYoungGen      total 508928K, used 508778K [0x00000000e0000000, 0x0000000100000000, 0x0000000100000000)
  eden space 496640K, 100% used [0x00000000e0000000,0x00000000fe500000,0x00000000fe500000)
  from space 12288K, 98% used [0x00000000fe500000,0x00000000ff0da858,0x00000000ff100000)
  to   space 15360K, 0% used [0x00000000ff100000,0x00000000ff100000,0x0000000100000000)
 ParOldGen       total 1048576K, used 507723K [0x00000000a0000000, 0x00000000e0000000, 0x00000000e0000000)
  object space 1048576K, 48% used [0x00000000a0000000,0x00000000befd2db0,0x00000000e0000000)
 PSPermGen       total 81920K, used 64246K [0x000000009ae00000, 0x000000009fe00000, 0x00000000a0000000)
  object space 81920K, 78% used [0x000000009ae00000,0x000000009ecbdba0,0x000000009fe00000)
Event: 1043.395 GC heap after
Heap after GC invocations=156 (full 12):
 PSYoungGen      total 509952K, used 6056K [0x00000000e0000000, 0x0000000100000000, 0x0000000100000000)
  eden space 494592K, 0% used [0x00000000e0000000,0x00000000e0000000,0x00000000fe300000)
  from space 15360K, 39% used [0x00000000ff100000,0x00000000ff6ea0b0,0x0000000100000000)
  to   space 14336K, 0% used [0x00000000fe300000,0x00000000fe300000,0x00000000ff100000)
 ParOldGen       total 1048576K, used 515853K [0x00000000a0000000, 0x00000000e0000000, 0x00000000e0000000)
  object space 1048576K, 49% used [0x00000000a0000000,0x00000000bf7c36a0,0x00000000e0000000)
 PSPermGen       total 81920K, used 64246K [0x000000009ae00000, 0x000000009fe00000, 0x00000000a0000000)
  object space 81920K, 78% used [0x000000009ae00000,0x000000009ecbdba0,0x000000009fe00000)
}

